0 info it worked if it ends with ok
1 verbose cli [ 'C:\\Program Files\\nodejs\\node.exe',
1 verbose cli   'C:\\Program Files\\nodejs\\node_modules\\npm\\bin\\npm-cli.js',
1 verbose cli   'publish',
1 verbose cli   './' ]
2 info using npm@3.10.10
3 info using node@v6.9.4
4 verbose publish [ './' ]
5 silly cache add args [ './', null ]
6 verbose cache add spec ./
7 silly cache add parsed spec Result {
7 silly cache add   raw: './',
7 silly cache add   scope: null,
7 silly cache add   escapedName: null,
7 silly cache add   name: null,
7 silly cache add   rawSpec: './',
7 silly cache add   spec: 'C:\\Users\\IBM_ADMIN\\Documents\\Volkswagen\\Projetos\\POC_eManual\\NodeRed\\dev\\node-red-contrib-rr-full-response',
7 silly cache add   type: 'directory' }
8 verbose addLocalDirectory C:\Users\IBM_ADMIN\AppData\Roaming\npm-cache\node-red-contrib-retrieve-rank-full-response\1.0.0\package.tgz not in flight; packing
9 verbose correctMkdir C:\Users\IBM_ADMIN\AppData\Roaming\npm-cache correctMkdir not in flight; initializing
10 info lifecycle node-red-contrib-retrieve-rank-full-response@1.0.0~prepublish: node-red-contrib-retrieve-rank-full-response@1.0.0
11 silly lifecycle node-red-contrib-retrieve-rank-full-response@1.0.0~prepublish: no script for prepublish, continuing
12 verbose tar pack [ 'C:\\Users\\IBM_ADMIN\\AppData\\Roaming\\npm-cache\\node-red-contrib-retrieve-rank-full-response\\1.0.0\\package.tgz',
12 verbose tar pack   'C:\\Users\\IBM_ADMIN\\Documents\\Volkswagen\\Projetos\\POC_eManual\\NodeRed\\dev\\node-red-contrib-rr-full-response' ]
13 verbose tarball C:\Users\IBM_ADMIN\AppData\Roaming\npm-cache\node-red-contrib-retrieve-rank-full-response\1.0.0\package.tgz
14 verbose folder C:\Users\IBM_ADMIN\Documents\Volkswagen\Projetos\POC_eManual\NodeRed\dev\node-red-contrib-rr-full-response
15 verbose addLocalTarball adding from inside cache C:\Users\IBM_ADMIN\AppData\Roaming\npm-cache\node-red-contrib-retrieve-rank-full-response\1.0.0\package.tgz
16 verbose correctMkdir C:\Users\IBM_ADMIN\AppData\Roaming\npm-cache correctMkdir not in flight; initializing
17 silly cache afterAdd node-red-contrib-retrieve-rank-full-response@1.0.0
18 verbose afterAdd C:\Users\IBM_ADMIN\AppData\Roaming\npm-cache\node-red-contrib-retrieve-rank-full-response\1.0.0\package\package.json not in flight; writing
19 verbose correctMkdir C:\Users\IBM_ADMIN\AppData\Roaming\npm-cache correctMkdir not in flight; initializing
20 verbose afterAdd C:\Users\IBM_ADMIN\AppData\Roaming\npm-cache\node-red-contrib-retrieve-rank-full-response\1.0.0\package\package.json written
21 silly publish { name: 'node-red-contrib-retrieve-rank-full-response',
21 silly publish   version: '1.0.0',
21 silly publish   description: 'No para personalizar a resposta padrao do servico Retrieve and Rank',
21 silly publish   main: 'index.js',
21 silly publish   scripts: { test: 'echo "Error: no test specified" && exit 1' },
21 silly publish   author: { name: 'Thiago Batista' },
21 silly publish   license: 'ISC',
21 silly publish   dependencies:
21 silly publish    { 'alchemy-api': '^1.3.0',
21 silly publish      async: '^1.5.2',
21 silly publish      cfenv: '~1.0.0',
21 silly publish      'file-type': '^2.7.0',
21 silly publish      request: '~2.53.0',
21 silly publish      temp: '^0.8.3',
21 silly publish      qs: '6.x',
21 silly publish      'image-type': '^2.0.2',
21 silly publish      'watson-developer-cloud': '^2.32.1',
21 silly publish      kuromoji: '^0.0.5',
21 silly publish      'is-docx': '^0.0.3',
21 silly publish      'stream-to-array': '^2.3.0' },
21 silly publish   repository:
21 silly publish    { type: 'git',
21 silly publish      url: 'git+https://github.com/YouHaveFailedThisCity/node-red-contrib-rr-full-response.git' },
21 silly publish   keywords: [ 'node-red', 'bluemix', 'watson' ],
21 silly publish   'node-red': { nodes: { 'node-red-contrib-retrieve-rank-full-response-v1': 'services/retrieve_and_rank/v1.js' } },
21 silly publish   readme: 'A refined node for you to get the "Body" part of Retrieve and Rank Response :)\r\n\r\n### Name = The name of your Node\r\n### Service Credentials = The Username and Password of your Retrieve and Rank Service\r\n### Cluster ID = The Cluster ID\r\n### Collection Name = The name of the Collection you want to Search and Rank\r\n### Search Mode = Search only does not require a ranker ID\r\n\t\t\t\t  Search and Rank needs the Ranker ID\r\n\t\t\t\t  \r\nHapppy Coding =D',
21 silly publish   readmeFilename: 'README.md',
21 silly publish   gitHead: '1193a5e07c76448ae93da9a2a3a0d7e235ab48e8',
21 silly publish   bugs: { url: 'https://github.com/YouHaveFailedThisCity/node-red-contrib-rr-full-response/issues' },
21 silly publish   homepage: 'https://github.com/YouHaveFailedThisCity/node-red-contrib-rr-full-response#readme',
21 silly publish   _id: 'node-red-contrib-retrieve-rank-full-response@1.0.0',
21 silly publish   _shasum: '16ea61ed5b5641b1136c3dc4e1a359a81ce59e7a',
21 silly publish   _from: '.' }
22 verbose getPublishConfig undefined
23 silly mapToRegistry name node-red-contrib-retrieve-rank-full-response
24 silly mapToRegistry using default registry
25 silly mapToRegistry registry https://registry.npmjs.org/
26 silly mapToRegistry data Result {
26 silly mapToRegistry   raw: 'node-red-contrib-retrieve-rank-full-response',
26 silly mapToRegistry   scope: null,
26 silly mapToRegistry   escapedName: 'node-red-contrib-retrieve-rank-full-response',
26 silly mapToRegistry   name: 'node-red-contrib-retrieve-rank-full-response',
26 silly mapToRegistry   rawSpec: '',
26 silly mapToRegistry   spec: 'latest',
26 silly mapToRegistry   type: 'tag' }
27 silly mapToRegistry uri https://registry.npmjs.org/node-red-contrib-retrieve-rank-full-response
28 verbose publish registryBase https://registry.npmjs.org/
29 silly publish uploading C:\Users\IBM_ADMIN\AppData\Roaming\npm-cache\node-red-contrib-retrieve-rank-full-response\1.0.0\package.tgz
30 verbose request uri https://registry.npmjs.org/node-red-contrib-retrieve-rank-full-response
31 verbose request sending authorization for write operation
32 info attempt registry request try #1 at 17:20:02
33 verbose request using bearer token for auth
34 verbose request id c61204b3dbd3be03
35 http request PUT https://registry.npmjs.org/node-red-contrib-retrieve-rank-full-response
36 http 403 https://registry.npmjs.org/node-red-contrib-retrieve-rank-full-response
37 verbose headers { 'content-type': 'application/json',
37 verbose headers   'cache-control': 'max-age=300',
37 verbose headers   'content-length': '95',
37 verbose headers   'accept-ranges': 'bytes',
37 verbose headers   date: 'Thu, 27 Jul 2017 20:20:10 GMT',
37 verbose headers   via: '1.1 varnish',
37 verbose headers   connection: 'close',
37 verbose headers   'x-served-by': 'cache-ewr18132-EWR',
37 verbose headers   'x-cache': 'MISS',
37 verbose headers   'x-cache-hits': '0',
37 verbose headers   'x-timer': 'S1501186810.709999,VS0,VE780',
37 verbose headers   vary: 'Accept-Encoding, Accept' }
38 verbose request invalidating C:\Users\IBM_ADMIN\AppData\Roaming\npm-cache\registry.npmjs.org\node-red-contrib-retrieve-rank-full-response on PUT
39 error publish Failed PUT 403
40 verbose stack Error: "You cannot publish over the previously published version 1.0.0." : node-red-contrib-retrieve-rank-full-response
40 verbose stack     at makeError (C:\Program Files\nodejs\node_modules\npm\node_modules\npm-registry-client\lib\request.js:302:12)
40 verbose stack     at CachingRegistryClient.<anonymous> (C:\Program Files\nodejs\node_modules\npm\node_modules\npm-registry-client\lib\request.js:290:14)
40 verbose stack     at Request._callback (C:\Program Files\nodejs\node_modules\npm\node_modules\npm-registry-client\lib\request.js:210:14)
40 verbose stack     at Request.self.callback (C:\Program Files\nodejs\node_modules\npm\node_modules\request\request.js:187:22)
40 verbose stack     at emitTwo (events.js:106:13)
40 verbose stack     at Request.emit (events.js:191:7)
40 verbose stack     at Request.<anonymous> (C:\Program Files\nodejs\node_modules\npm\node_modules\request\request.js:1048:10)
40 verbose stack     at emitOne (events.js:96:13)
40 verbose stack     at Request.emit (events.js:188:7)
40 verbose stack     at IncomingMessage.<anonymous> (C:\Program Files\nodejs\node_modules\npm\node_modules\request\request.js:969:12)
41 verbose statusCode 403
42 verbose pkgid node-red-contrib-retrieve-rank-full-response
43 verbose cwd C:\Users\IBM_ADMIN\Documents\Volkswagen\Projetos\POC_eManual\NodeRed\dev\node-red-contrib-rr-full-response
44 error Windows_NT 6.1.7601
45 error argv "C:\\Program Files\\nodejs\\node.exe" "C:\\Program Files\\nodejs\\node_modules\\npm\\bin\\npm-cli.js" "publish" "./"
46 error node v6.9.4
47 error npm  v3.10.10
48 error code E403
49 error "You cannot publish over the previously published version 1.0.0." : node-red-contrib-retrieve-rank-full-response
50 error If you need help, you may report this error at:
50 error     <https://github.com/npm/npm/issues>
51 verbose exit [ 1, true ]
